C51 COMPILER V9.53.0.0   FORWARD_LED_BLINKING                                              10/25/2018 10:56:11 PAGE 1   


C51 COMPILER V9.53.0.0, COMPILATION OF MODULE FORWARD_LED_BLINKING
OBJECT MODULE PLACED IN FORWARD_LED_BLINKING.OBJ
COMPILER INVOKED BY: C:\Keil_v5\C51\BIN\C51.EXE FORWARD_LED_BLINKING.c OPTIMIZE(8,SPEED) BROWSE DEBUG OBJECTEXTEND TABS(
                    -2)

line level    source

   1          #include<reg51.h>
   2          void delay()
   3          {
   4   1        int i,j;
   5   1        for(i=0;i<10;i++)
   6   1          for(j=0;j<1000;j++);
   7   1        
   8   1      }
   9          
  10          int K = 0X01;
  11          void main()
  12          {
  13   1        while(1)
  14   1        {
  15   2          P2 = K;
  16   2          delay();
  17   2          K = K<<1;
  18   2          
  19   2          if(K>0x80)
  20   2          {
  21   3            K = 0x01;
  22   3          }
  23   2        }
  24   1      }


MODULE INFORMATION:   STATIC OVERLAYABLE
   CODE SIZE        =     67    ----
   CONSTANT SIZE    =   ----    ----
   XDATA SIZE       =   ----    ----
   PDATA SIZE       =   ----    ----
   DATA SIZE        =      2    ----
   IDATA SIZE       =   ----    ----
   BIT SIZE         =   ----    ----
END OF MODULE INFORMATION.


C51 COMPILATION COMPLETE.  0 WARNING(S),  0 ERROR(S)
